<?xml version="1.0" encoding="UTF-8"?>
<!-- Generated by org.testng.reporters.JUnitXMLReporter -->
<testsuite hostname="LAPTOP-UHFNO702" ignored="0" name="Default test" tests="5" failures="0" timestamp="2021-02-02T22:20:28 EST" time="44.178" errors="0">
  <testcase name="userWithValidCredentialsShouldBeAbleToLogin" time="9.811" classname="test.LoginTest"/>
  <testcase name="userWithInvalidPasswordShouldNotBeAbleToLogin" time="11.468" classname="test.LoginTest"/>
  <testcase name="userWithInvalidUsernameShouldNotBeAbleToLogin" time="7.054" classname="test.LoginTest"/>
  <testcase name="userWithValidEmailShouldBeAbleToResetPassword" time="8.369" classname="test.LoginTest"/>
  <testcase name="userWithInvalidEmailShouldNotBeAbleToResetPassword" time="7.437" classname="test.LoginTest"/>
</testsuite> <!-- Default test -->
