<?xml version="1.0" encoding="UTF-8"?>
<testng-results skipped="0" failed="0" ignored="0" total="0" passed="0">
  <reporter-output>
  </reporter-output>
  <suite name="test.LoginTest" duration-ms="8" started-at="2021-02-02T20:49:07 EST" finished-at="2021-02-02T20:49:07 EST">
    <groups>
    </groups>
    <test name="Command line test" duration-ms="8" started-at="2021-02-02T20:49:07 EST" finished-at="2021-02-02T20:49:07 EST">
    </test> <!-- Command line test -->
  </suite> <!-- test.LoginTest -->
</testng-results>
